<?xml version="1.0" encoding="UTF-8"?>
<!-- Generated by org.testng.reporters.JUnitXMLReporter -->
<testsuite ignored="0" hostname="DESKTOP-U4AR7NQ" failures="0" tests="2" name="Test_Edge" time="23.099" errors="0" timestamp="2025-06-12T13:24:54 IST">
  <testcase classname="Module_I_Account_Test_Classes.Qafox_Test_Class" name="VerifyAccountTextonPPF" time="1.33"/>
  <testcase classname="Module_I_Account_Test_Classes.Qafox_Test_Class" name="VerifyTitle" time="2.071"/>
</testsuite> <!-- Test_Edge -->
