<?xml version="1.0" encoding="UTF-8"?>
<!-- Generated by org.testng.reporters.JUnitXMLReporter -->
<testsuite ignored="0" hostname="DESKTOP-U4AR7NQ" failures="0" tests="2" name="Test_firefox" time="24.739" errors="0" timestamp="2025-06-12T13:35:29 IST">
  <testcase classname="Module_I_Account_Test_Classes.Qafox_Test_Class" name="VerifyAccountTextonPPF" time="1.895"/>
  <testcase classname="Module_I_Account_Test_Classes.Qafox_Test_Class" name="VerifyTitle" time="2.206"/>
</testsuite> <!-- Test_firefox -->
